<?xml version="1.0" encoding="UTF-8"?>
<!-- Generated by org.testng.reporters.JUnitReportReporter -->
<testsuite hostname="DESKTOP-LODPAUD" failures="0" tests="2" name="com.in28minutes.webdriver.scenarios.CheckElementStylesTest" time="5.328" errors="0" timestamp="06 Feb 2022 09:38:09 GMT" skipped="1">
  <testcase classname="com.in28minutes.webdriver.scenarios.CheckElementStylesTest" name="PracticeOnWebElementsMethods" time="5.328"/>
  <testcase classname="com.in28minutes.webdriver.scenarios.CheckElementStylesTest" name="getCSSStyles">
    <skipped/>
  </testcase> <!-- getCSSStyles -->
</testsuite> <!-- com.in28minutes.webdriver.scenarios.CheckElementStylesTest -->
