<?xml version="1.0" encoding="UTF-8"?>
<!-- Generated by org.testng.reporters.JUnitReportReporter -->
<testsuite hostname="DESKTOP-LODPAUD" failures="0" tests="1" name="com.in28minutes.webdriver.scenarios.FramesTests" time="4.933" errors="0" timestamp="07 Feb 2022 10:14:05 GMT" skipped="0">
  <testcase classname="com.in28minutes.webdriver.scenarios.FramesTests" name="FrameTest" time="4.933"/>
</testsuite> <!-- com.in28minutes.webdriver.scenarios.FramesTests -->
