<?xml version="1.0" encoding="UTF-8"?>
<!-- Generated by org.testng.reporters.JUnitReportReporter -->
<testsuite hostname="DESKTOP-LODPAUD" failures="0" tests="2" name="com.in28minutes.webdriver.scenarios.ActionsBasicTest" time="19.069" errors="0" timestamp="08 Feb 2022 18:34:03 GMT" skipped="1">
  <testcase classname="com.in28minutes.webdriver.scenarios.ActionsBasicTest" name="TestBasicDragAndDrag" time="19.069"/>
  <testcase classname="com.in28minutes.webdriver.scenarios.ActionsBasicTest" name="ActionBasictests">
    <skipped/>
  </testcase> <!-- ActionBasictests -->
</testsuite> <!-- com.in28minutes.webdriver.scenarios.ActionsBasicTest -->
