<?xml version="1.0" encoding="UTF-8"?>
<!-- Generated by org.testng.reporters.JUnitReportReporter -->
<testsuite hostname="DESKTOP-LODPAUD" failures="0" tests="3" name="com.in28minutes.webdriver.scenarios.NewWindowTest" time="10.647" errors="0" timestamp="07 Feb 2022 09:35:46 GMT" skipped="1">
  <testcase classname="com.in28minutes.webdriver.scenarios.NewWindowTest" name="SwitchToSecondWindow" time="5.855"/>
  <testcase classname="com.in28minutes.webdriver.scenarios.NewWindowTest" name="GetSecondWindowHandel" time="4.792"/>
  <testcase classname="com.in28minutes.webdriver.scenarios.NewWindowTest" name="NewWindowTests">
    <skipped/>
  </testcase> <!-- NewWindowTests -->
</testsuite> <!-- com.in28minutes.webdriver.scenarios.NewWindowTest -->
