<?xml version="1.0" encoding="UTF-8"?>
<!-- Generated by org.testng.reporters.JUnitReportReporter -->
<testsuite hostname="DESKTOP-LODPAUD" failures="0" tests="2" name="com.in28minutes.webdriver.scenarios.ReadTablesTests" time="5.158" errors="0" timestamp="07 Feb 2022 20:11:46 GMT" skipped="1">
  <testcase classname="com.in28minutes.webdriver.scenarios.ReadTablesTests" name="ReadtablesUsingFrameWork" time="5.158"/>
  <testcase classname="com.in28minutes.webdriver.scenarios.ReadTablesTests" name="ReadtablesTest">
    <skipped/>
  </testcase> <!-- ReadtablesTest -->
</testsuite> <!-- com.in28minutes.webdriver.scenarios.ReadTablesTests -->
