<?xml version="1.0" encoding="UTF-8"?>
<!-- Generated by org.testng.reporters.JUnitReportReporter -->
<testsuite hostname="DESKTOP-LODPAUD" failures="0" tests="1" name="com.in28minutes.webdriver.scenarios.CreatingFroameWorkUsingCssSelector" time="4.538" errors="0" timestamp="08 Feb 2022 16:33:09 GMT" skipped="0">
  <testcase classname="com.in28minutes.webdriver.scenarios.CreatingFroameWorkUsingCssSelector" name="CreatingFrameworkAndUsingCssSelector" time="4.538"/>
</testsuite> <!-- com.in28minutes.webdriver.scenarios.CreatingFroameWorkUsingCssSelector -->
