<?xml version="1.0" encoding="UTF-8"?>
<!-- Generated by org.testng.reporters.JUnitReportReporter -->
<testsuite hostname="DESKTOP-LODPAUD" failures="0" tests="1" name="com.in28minutes.webdriver.scenarios.JavaScriptAlertTest" time="24.742" errors="0" timestamp="06 Feb 2022 16:32:56 GMT" skipped="0">
  <testcase classname="com.in28minutes.webdriver.scenarios.JavaScriptAlertTest" name="javaScriptAlert" time="24.742"/>
</testsuite> <!-- com.in28minutes.webdriver.scenarios.JavaScriptAlertTest -->
