<?xml version="1.0" encoding="UTF-8"?>
<!-- Generated by org.testng.reporters.JUnitReportReporter -->
<testsuite hostname="DESKTOP-LODPAUD" failures="0" tests="2" name="com.in28minutes.webdriver.scenarios.TakesScreenShotTest" time="9.025" errors="0" timestamp="10 Feb 2022 10:16:48 GMT" skipped="0">
  <testcase classname="com.in28minutes.webdriver.scenarios.TakesScreenShotTest" name="TakeScreenShot2" time="4.611"/>
  <testcase classname="com.in28minutes.webdriver.scenarios.TakesScreenShotTest" name="TakeScreenShot1" time="4.414"/>
</testsuite> <!-- com.in28minutes.webdriver.scenarios.TakesScreenShotTest -->
