<?xml version="1.0" encoding="UTF-8"?>
<!-- Generated by org.testng.reporters.JUnitReportReporter -->
<testsuite hostname="DESKTOP-LODPAUD" failures="0" tests="1" name="com.in28minutes.webdriver.scenarios.RunJavaScriptTest" time="15.057" errors="0" timestamp="07 Feb 2022 13:15:17 GMT" skipped="0">
  <testcase classname="com.in28minutes.webdriver.scenarios.RunJavaScriptTest" name="RunJavaScript" time="15.057"/>
</testsuite> <!-- com.in28minutes.webdriver.scenarios.RunJavaScriptTest -->
