<?xml version="1.0" encoding="UTF-8"?>
<!-- Generated by org.testng.reporters.JUnitReportReporter -->
<testsuite hostname="DESKTOP-LODPAUD" failures="0" tests="2" name="com.in28minutes.webdriver.scenarios.PlayaingWithScreenWindowTest" time="58.804" errors="0" timestamp="06 Feb 2022 12:31:02 GMT" skipped="1">
  <testcase classname="com.in28minutes.webdriver.scenarios.PlayaingWithScreenWindowTest" name="BackForwardAndNavigation" time="58.804"/>
  <testcase classname="com.in28minutes.webdriver.scenarios.PlayaingWithScreenWindowTest" name="PlayaingWithScreenWindow">
    <skipped/>
  </testcase> <!-- PlayaingWithScreenWindow -->
</testsuite> <!-- com.in28minutes.webdriver.scenarios.PlayaingWithScreenWindowTest -->
